1655819591225	geckodriver	INFO	Listening on 127.0.0.1:56347
1655819591648	mozrunner::runner	INFO	Running command: "/usr/bin/firefox" "--marionette" "--remote-debugging-port" "57125" "--remote-allow-hosts" "localhost" "-no-remote" "-profile" "/tmp/rust_mozprofileHBeYCM"
ATTENTION: default value of option mesa_glthread overridden by environment.
ATTENTION: default value of option mesa_glthread overridden by environment.
1655819612620	Marionette	INFO	Marionette enabled
WebDriver BiDi listening on ws://localhost:57125
ATTENTION: default value of option mesa_glthread overridden by environment.
console.error: Region.jsm: "Error fetching region" (new Error("TIMEOUT", "resource://gre/modules/Region.jsm", 767))
console.error: Region.jsm: "Failed to fetch region" (new Error("TIMEOUT", "resource://gre/modules/Region.jsm", 419))
console.warn: SearchSettings: "get: No settings file exists, new profile?" (new NotFoundError("Could not open the file at /tmp/rust_mozprofileHBeYCM/search.json.mozlz4", (void 0)))
Missing chrome or resource URL: resource://gre/modules/UpdateListener.jsm
1655819667589	Marionette	INFO	Listening on port 45477
DevTools listening on ws://localhost:57125/devtools/browser/1e51797e-8faf-4e0d-8624-bcb82e1a2051
Exiting due to channel error.
Exiting due to channel error.
Exiting due to channel error.
1655819726293	geckodriver	INFO	Listening on 127.0.0.1:33813
1655819726947	mozrunner::runner	INFO	Running command: "/usr/bin/firefox" "--marionette" "--remote-debugging-port" "57489" "--remote-allow-hosts" "localhost" "-no-remote" "-profile" "/tmp/rust_mozprofileaUjPcM"
ATTENTION: default value of option mesa_glthread overridden by environment.
ATTENTION: default value of option mesa_glthread overridden by environment.
1655819747348	Marionette	INFO	Marionette enabled
WebDriver BiDi listening on ws://localhost:57489
ATTENTION: default value of option mesa_glthread overridden by environment.
console.warn: SearchSettings: "get: No settings file exists, new profile?" (new NotFoundError("Could not open the file at /tmp/rust_mozprofileaUjPcM/search.json.mozlz4", (void 0)))
console.error: Region.jsm: "Error fetching region" (new Error("TIMEOUT", "resource://gre/modules/Region.jsm", 767))
console.error: Region.jsm: "Failed to fetch region" (new Error("TIMEOUT", "resource://gre/modules/Region.jsm", 419))
Missing chrome or resource URL: resource://gre/modules/UpdateListener.jsm
1655819768401	Marionette	INFO	Listening on port 35167
Read port: 35167
1655819768668	RemoteAgent	WARN	TLS certificate errors will be ignored for this session
DevTools listening on ws://localhost:57489/devtools/browser/de867d76-104d-4775-ba61-94ee6f5c68db
1655819769549	geckodriver	INFO	Listening on 127.0.0.1:42487
1655819770062	mozrunner::runner	INFO	Running command: "/usr/bin/firefox" "--marionette" "--remote-debugging-port" "33943" "--remote-allow-hosts" "localhost" "-no-remote" "-profile" "/tmp/rust_mozprofile4pCLnn"
Missing chrome or resource URL: resource://gre/modules/UpdateListener.jsm
console.error: "Error during quit-application-granted: [Exception... \"File error: Not found\"  nsresult: \"0x80520012 (NS_ERROR_FILE_NOT_FOUND)\"  location: \"JS frame :: resource:///modules/BrowserGlue.jsm :: _onQuitApplicationGranted/tasks< :: line 1969\"  data: no]"
1655819782203	Marionette	INFO	Stopped listening on port 35167
JavaScript error: resource://gre/modules/UrlClassifierListManager.jsm, line 694: TypeError: this.tablesData[table] is undefined
console.warn: TopSitesFeed: Failed to fetch data from Contile server: NetworkError when attempting to fetch resource.

###!!! [Parent][PImageBridgeParent] Error: RunMessage(msgname=PImageBridge::Msg_WillClose) Channel closing: too late to send/recv, messages will be lost

ATTENTION: default value of option mesa_glthread overridden by environment.
ATTENTION: default value of option mesa_glthread overridden by environment.
1655819792382	Marionette	INFO	Marionette enabled
WebDriver BiDi listening on ws://localhost:33943
ATTENTION: default value of option mesa_glthread overridden by environment.
Exiting due to channel error.
Exiting due to channel error.
1655819801416	geckodriver	INFO	Listening on 127.0.0.1:45269
1655819801862	mozrunner::runner	INFO	Running command: "/usr/bin/firefox" "--marionette" "--remote-debugging-port" "45799" "--remote-allow-hosts" "localhost" "-no-remote" "-profile" "/tmp/rust_mozprofileOvaWjP"
1655819971498	geckodriver	INFO	Listening on 127.0.0.1:41463
1655819971508	mozrunner::runner	INFO	Running command: "/usr/bin/firefox" "--marionette" "--remote-debugging-port" "50589" "--remote-allow-hosts" "localhost" "-no-remote" "-profile" "/tmp/rust_mozprofileONGToX"
ATTENTION: default value of option mesa_glthread overridden by environment.
ATTENTION: default value of option mesa_glthread overridden by environment.
1655819980406	Marionette	INFO	Marionette enabled
WebDriver BiDi listening on ws://localhost:50589
ATTENTION: default value of option mesa_glthread overridden by environment.
console.warn: SearchSettings: "get: No settings file exists, new profile?" (new NotFoundError("Could not open the file at /tmp/rust_mozprofileONGToX/search.json.mozlz4", (void 0)))
console.error: Region.jsm: "Error fetching region" (new AbortError("The operation was aborted. ", (void 0), 765))
console.error: Region.jsm: "Failed to fetch region" (new Error("NO_RESULT", "resource://gre/modules/Region.jsm", 419))
Missing chrome or resource URL: resource://gre/modules/UpdateListener.jsm
1655820002546	Marionette	INFO	Listening on port 42659
Read port: 42659
1655820003682	RemoteAgent	WARN	TLS certificate errors will be ignored for this session
DevTools listening on ws://localhost:50589/devtools/browser/bcfff8c5-df54-4455-95f1-cc8caabca911
A content process crashed and MOZ_CRASHREPORTER_SHUTDOWN is set, shutting down
Missing chrome or resource URL: resource://gre/modules/UpdateListener.jsm
console.error: "Error during quit-application-granted: [Exception... \"File error: Not found\"  nsresult: \"0x80520012 (NS_ERROR_FILE_NOT_FOUND)\"  location: \"JS frame :: resource:///modules/BrowserGlue.jsm :: _onQuitApplicationGranted/tasks< :: line 1969\"  data: no]"
1655820021395	Marionette	INFO	Stopped listening on port 42659
1655820029497	geckodriver	INFO	Listening on 127.0.0.1:48683
1655820030678	mozrunner::runner	INFO	Running command: "/usr/bin/firefox" "--marionette" "--remote-debugging-port" "60229" "--remote-allow-hosts" "localhost" "-no-remote" "-profile" "/tmp/rust_mozprofile2fIT79"

###!!! [Parent][PBackgroundParent] Error: RunMessage(msgname=PRemoteWorkerService::Msg___delete__) Channel closing: too late to send/recv, messages will be lost


###!!! [Parent][PBackgroundParent] Error: RunMessage(msgname=PClientManager::Msg_Teardown) Channel closing: too late to send/recv, messages will be lost


###!!! [Parent][PImageBridgeParent] Error: RunMessage(msgname=PImageBridge::Msg_WillClose) Channel closing: too late to send/recv, messages will be lost

JavaScript error: resource://gre/modules/CrashManager.jsm, line 906: AbortError: IOUtils: Shutting down and refusing additional I/O tasks
console.error: (new Error("SessionFile is closed", "resource:///modules/sessionstore/SessionFile.jsm", 379))
ATTENTION: default value of option mesa_glthread overridden by environment.
ATTENTION: default value of option mesa_glthread overridden by environment.
1655820072816	Marionette	INFO	Marionette enabled
WebDriver BiDi listening on ws://localhost:60229
ATTENTION: default value of option mesa_glthread overridden by environment.
console.error: Region.jsm: "Error fetching region" (new AbortError("The operation was aborted. ", (void 0), 765))
console.error: Region.jsm: "Failed to fetch region" (new Error("NO_RESULT", "resource://gre/modules/Region.jsm", 419))
console.warn: SearchSettings: "get: No settings file exists, new profile?" (new NotFoundError("Could not open the file at /tmp/rust_mozprofile2fIT79/search.json.mozlz4", (void 0)))
Missing chrome or resource URL: resource://gre/modules/UpdateListener.jsm
1655820095899	Marionette	INFO	Listening on port 33573
DevTools listening on ws://localhost:60229/devtools/browser/fee10cb4-f59e-49cf-a8a8-3400ffcd538a
Missing chrome or resource URL: resource://gre/modules/UpdateListener.jsm
console.error: "Error during quit-application-granted: [Exception... \"File error: Not found\"  nsresult: \"0x80520012 (NS_ERROR_FILE_NOT_FOUND)\"  location: \"JS frame :: resource:///modules/BrowserGlue.jsm :: _onQuitApplicationGranted/tasks< :: line 1969\"  data: no]"
1655820109464	Marionette	INFO	Stopped listening on port 33573
console.warn: TopSitesFeed: Failed to fetch data from Contile server: NetworkError when attempting to fetch resource.
JavaScript error: resource://gre/modules/UrlClassifierListManager.jsm, line 694: TypeError: this.tablesData[table] is undefined
1655820808483	geckodriver	INFO	Listening on 127.0.0.1:42715
1655820808850	mozrunner::runner	INFO	Running command: "/usr/bin/firefox" "--marionette" "--remote-debugging-port" "52109" "--remote-allow-hosts" "localhost" "-no-remote" "-profile" "/tmp/rust_mozprofileyscki9"
ATTENTION: default value of option mesa_glthread overridden by environment.
ATTENTION: default value of option mesa_glthread overridden by environment.
1655820823152	Marionette	INFO	Marionette enabled
WebDriver BiDi listening on ws://localhost:52109
ATTENTION: default value of option mesa_glthread overridden by environment.
console.error: Region.jsm: "Error fetching region" (new Error("TIMEOUT", "resource://gre/modules/Region.jsm", 767))
console.error: Region.jsm: "Failed to fetch region" (new Error("TIMEOUT", "resource://gre/modules/Region.jsm", 419))
console.warn: SearchSettings: "get: No settings file exists, new profile?" (new NotFoundError("Could not open the file at /tmp/rust_mozprofileyscki9/search.json.mozlz4", (void 0)))
Missing chrome or resource URL: resource://gre/modules/UpdateListener.jsm
1655820843024	Marionette	INFO	Listening on port 43663
Read port: 43663
1655820843417	RemoteAgent	WARN	TLS certificate errors will be ignored for this session
DevTools listening on ws://localhost:52109/devtools/browser/12fc6ea5-6342-4589-831d-cab0d13bfbf1
JavaScript warning: https://evitingawabi.com/r7WxlYRcaG7NNi0K2/51220, line 1: WEBGL_debug_renderer_info is deprecated in Firefox and will be removed. Please use RENDERER.
JavaScript warning: https://evitingawabi.com/r7WxlYRcaG7NNi0K2/51220, line 1: WEBGL_debug_renderer_info is deprecated in Firefox and will be removed. Please use RENDERER.
A content process crashed and MOZ_CRASHREPORTER_SHUTDOWN is set, shutting down
WARNING: At least one completion condition is taking too long to complete. Conditions: [{"name":"SessionStore: flushing all windows","state":{"total":1,"current":0},"filename":"resource:///modules/sessionstore/SessionStore.jsm","lineNumber":2110,"stack":["resource:///modules/sessionstore/SessionStore.jsm:ssi_onQuitApplicationGranted:2110","resource:///modules/sessionstore/SessionStore.jsm:ssi_observe:1023","resource:///modules/ContentCrashHandlers.jsm:observe:177"]}] Barrier: quit-application-granted
Missing chrome or resource URL: resource://gre/modules/UpdateListener.jsm
console.error: "Error during quit-application-granted: [Exception... \"File error: Not found\"  nsresult: \"0x80520012 (NS_ERROR_FILE_NOT_FOUND)\"  location: \"JS frame :: resource:///modules/BrowserGlue.jsm :: _onQuitApplicationGranted/tasks< :: line 1969\"  data: no]"
1655820896093	Marionette	INFO	Stopped listening on port 43663
1655820902631	geckodriver	INFO	Listening on 127.0.0.1:36111
1655845343933	geckodriver	INFO	Listening on 127.0.0.1:57677
1655845344227	mozrunner::runner	INFO	Running command: "/usr/bin/firefox" "--marionette" "--remote-debugging-port" "48437" "--remote-allow-hosts" "localhost" "-no-remote" "-profile" "/tmp/rust_mozprofileVLTrM3"
ATTENTION: default value of option mesa_glthread overridden by environment.
ATTENTION: default value of option mesa_glthread overridden by environment.
1655845374063	Marionette	INFO	Marionette enabled
WebDriver BiDi listening on ws://localhost:48437
ATTENTION: default value of option mesa_glthread overridden by environment.
console.error: Region.jsm: "Error fetching region" (new Error("TIMEOUT", "resource://gre/modules/Region.jsm", 767))
console.error: Region.jsm: "Failed to fetch region" (new Error("TIMEOUT", "resource://gre/modules/Region.jsm", 419))
console.warn: SearchSettings: "get: No settings file exists, new profile?" (new NotFoundError("Could not open the file at /tmp/rust_mozprofileVLTrM3/search.json.mozlz4", (void 0)))
Missing chrome or resource URL: resource://gre/modules/UpdateListener.jsm
1655845411433	Marionette	INFO	Listening on port 43075
DevTools listening on ws://localhost:48437/devtools/browser/c112a2ae-ef70-45c8-83c7-9a16a32718fc
Exiting due to channel error.
Exiting due to channel error.
Exiting due to channel error.
1655845479711	geckodriver	INFO	Listening on 127.0.0.1:44429
1655845480128	mozrunner::runner	INFO	Running command: "/usr/bin/firefox" "--marionette" "--remote-debugging-port" "35069" "--remote-allow-hosts" "localhost" "-no-remote" "-profile" "/tmp/rust_mozprofileLOKZet"
ATTENTION: default value of option mesa_glthread overridden by environment.
ATTENTION: default value of option mesa_glthread overridden by environment.
